.next/types/app/(admin)/admin/applications/[id]/page.ts(34,29): error TS2344: Type '{ params: { id: string; }; }' does not satisfy the constraint 'PageProps'.
  Types of property 'params' are incompatible.
    Type '{ id: string; }' is missing the following properties from type 'Promise<any>': then, catch, finally, [Symbol.toStringTag]
.next/types/app/(authenticated)/community-dashboard/[id]/completed/page.ts(34,29): error TS2344: Type '{ params: { id: string; }; }' does not satisfy the constraint 'PageProps'.
  Types of property 'params' are incompatible.
    Type '{ id: string; }' is missing the following properties from type 'Promise<any>': then, catch, finally, [Symbol.toStringTag]
.next/types/app/(public)/blog/[slug]/page.ts(34,29): error TS2344: Type '{ params: { slug: string; }; }' does not satisfy the constraint 'PageProps'.
  Types of property 'params' are incompatible.
    Type '{ slug: string; }' is missing the following properties from type 'Promise<any>': then, catch, finally, [Symbol.toStringTag]
.next/types/app/(public)/blog/[slug]/page.ts(38,31): error TS2344: Type '{ params: { slug: string; }; }' does not satisfy the constraint 'PageProps'.
  Types of property 'params' are incompatible.
    Type '{ slug: string; }' is missing the following properties from type 'Promise<any>': then, catch, finally, [Symbol.toStringTag]
.next/types/app/(tester)/tester/projects/[id]/page.ts(34,29): error TS2344: Type '{ params: { id: string; }; }' does not satisfy the constraint 'PageProps'.
  Types of property 'params' are incompatible.
    Type '{ id: string; }' is missing the following properties from type 'Promise<any>': then, catch, finally, [Symbol.toStringTag]
src/app/(authenticated)/community-dashboard/[id]/completed/page.tsx(165,15): error TS2740: Type 'CommunityApp' is missing the following properties from type 'HubSubmittedAppResponse': androidApp, appId, appOwnerId, appOwner, and 14 more.
src/app/(tester)/tester/auth/register/page.tsx(202,14): error TS2345: Argument of type '"fullName"' is not assignable to parameter of type '"devices" | "testingTypes" | "osVersions"'.
src/app/(tester)/tester/auth/register/page.tsx(203,14): error TS2345: Argument of type '"email"' is not assignable to parameter of type '"devices" | "testingTypes" | "osVersions"'.
src/app/(tester)/tester/auth/register/page.tsx(394,49): error TS2345: Argument of type '"api" | "security" | "manual" | "automation" | "performance" | "usability"' is not assignable to parameter of type 'never'.
  Type '"api"' is not assignable to type 'never'.
src/app/(tester)/tester/auth/register/page.tsx(462,49): error TS2345: Argument of type 'string' is not assignable to parameter of type 'never'.
src/app/(tester)/tester/auth/register/page.tsx(511,49): error TS2345: Argument of type 'string' is not assignable to parameter of type 'never'.
src/app/(tester)/tester/notifications/page.tsx(9,9): error TS2367: This comparison appears to be unintentional because the types '"OTHER" | "TEST_COMPLETED" | "APP_SUBMISSION" | "NEW_TEST" | "FEEDBACK_RECEIVED" | "BUG_REPORT" | "POINTS_AWARDED"' and '"new_test"' have no overlap.
src/app/(tester)/tester/notifications/page.tsx(9,34): error TS2367: This comparison appears to be unintentional because the types '"OTHER" | "TEST_COMPLETED" | "APP_SUBMISSION" | "NEW_TEST" | "FEEDBACK_RECEIVED" | "BUG_REPORT" | "POINTS_AWARDED"' and '"payment_processed"' have no overlap.
src/app/(tester)/tester/notifications/page.tsx(9,68): error TS2367: This comparison appears to be unintentional because the types '"OTHER" | "TEST_COMPLETED" | "APP_SUBMISSION" | "NEW_TEST" | "FEEDBACK_RECEIVED" | "BUG_REPORT" | "POINTS_AWARDED"' and '"test_completed"' have no overlap.
src/app/(tester)/tester/notifications/page.tsx(11,12): error TS2367: This comparison appears to be unintentional because the types '"OTHER" | "TEST_COMPLETED" | "APP_SUBMISSION" | "NEW_TEST" | "FEEDBACK_RECEIVED" | "BUG_REPORT" | "POINTS_AWARDED"' and '"new_test"' have no overlap.
src/app/(tester)/tester/notifications/page.tsx(12,12): error TS2367: This comparison appears to be unintentional because the types '"OTHER" | "TEST_COMPLETED" | "APP_SUBMISSION" | "NEW_TEST" | "FEEDBACK_RECEIVED" | "BUG_REPORT" | "POINTS_AWARDED"' and '"payment_processed"' have no overlap.
src/app/(tester)/tester/notifications/page.tsx(20,13): error TS2322: Type '{ title: string; description: string; notifications: NotificationResponse[]; }' is not assignable to type 'IntrinsicAttributes & NotificationsPageProps'.
  Property 'notifications' does not exist on type 'IntrinsicAttributes & NotificationsPageProps'.
src/components/card.tsx(105,32): error TS2339: Property 'className' does not exist on type 'HowItWorksCardProps'.
src/components/carousel-autoplay.ts(3,22): error TS2307: Cannot find module 'embla-carousel-autoplay' or its corresponding type declarations.
src/components/dashboard-charts.tsx(14,41): error TS5097: An import path can only end with a '.tsx' extension when 'allowImportingTsExtensions' is enabled.
src/components/notitications/notifications-page.tsx(18,10): error TS2724: '"@/lib/types"' has no exported member named 'NotificationReponse'. Did you mean 'NotificationResponse'?
src/components/notitications/notifications-page.tsx(64,7): error TS2367: This comparison appears to be unintentional because the types '"OTHER" | "TEST_COMPLETED" | "APP_SUBMISSION" | "NEW_TEST" | "FEEDBACK_RECEIVED" | "BUG_REPORT" | "POINTS_AWARDED"' and '"new_test"' have no overlap.
src/components/notitications/notifications-page.tsx(65,7): error TS2367: This comparison appears to be unintentional because the types '"OTHER" | "TEST_COMPLETED" | "APP_SUBMISSION" | "NEW_TEST" | "FEEDBACK_RECEIVED" | "BUG_REPORT" | "POINTS_AWARDED"' and '"points_awarded"' have no overlap.
src/components/notitications/notifications-page.tsx(66,7): error TS2367: This comparison appears to be unintentional because the types '"OTHER" | "TEST_COMPLETED" | "APP_SUBMISSION" | "NEW_TEST" | "FEEDBACK_RECEIVED" | "BUG_REPORT" | "POINTS_AWARDED"' and '"test_completed"' have no overlap.
src/components/stepper-with-responsive-variant.tsx(156,36): error TS2551: Property 'profileType' does not exist on type 'Partial<UserProfileDataAttributes>'. Did you mean 'profile_type'?
src/components/stepper-with-responsive-variant.tsx(178,36): error TS2551: Property 'jobRole' does not exist on type 'Partial<UserProfileDataAttributes>'. Did you mean 'job_role'?
src/components/stepper-with-responsive-variant.tsx(201,36): error TS2551: Property 'experienceLevel' does not exist on type 'Partial<UserProfileDataAttributes>'. Did you mean 'experience_level'?
src/components/stepper-with-responsive-variant.tsx(224,29): error TS2551: Property 'companyName' does not exist on type 'Partial<UserProfileDataAttributes>'. Did you mean 'company_name'?
src/components/stepper-with-responsive-variant.tsx(234,29): error TS2551: Property 'companyWebsite' does not exist on type 'Partial<UserProfileDataAttributes>'. Did you mean 'company_website'?
src/components/stepper-with-responsive-variant.tsx(252,36): error TS2551: Property 'companySize' does not exist on type 'Partial<UserProfileDataAttributes>'. Did you mean 'company_size'?
src/components/stepper-with-responsive-variant.tsx(275,36): error TS2551: Property 'positionInCompany' does not exist on type 'Partial<UserProfileDataAttributes>'. Did you mean 'position_in_company'?
src/components/stepper-with-responsive-variant.tsx(303,36): error TS2551: Property 'totalPublishedApps' does not exist on type 'Partial<UserProfileDataAttributes>'. Did you mean 'total_published_apps'?
src/components/stepper-with-responsive-variant.tsx(326,36): error TS2551: Property 'platformDevelopment' does not exist on type 'Partial<UserProfileDataAttributes>'. Did you mean 'platform_development'?
src/components/stepper-with-responsive-variant.tsx(349,36): error TS2551: Property 'publishFrequency' does not exist on type 'Partial<UserProfileDataAttributes>'. Did you mean 'publish_frequency'?
src/components/stepper-with-responsive-variant.tsx(377,37): error TS2551: Property 'serviceUsage' does not exist on type 'Partial<UserProfileDataAttributes>'. Did you mean 'service_usage'?
src/components/stepper-with-responsive-variant.tsx(379,46): error TS2551: Property 'serviceUsage' does not exist on type 'Partial<UserProfileDataAttributes>'. Did you mean 'service_usage'?
src/components/stepper-with-responsive-variant.tsx(382,37): error TS7006: Parameter 'val' implicitly has an 'any' type.
src/components/stepper-with-responsive-variant.tsx(403,37): error TS2551: Property 'communicationMethods' does not exist on type 'Partial<UserProfileDataAttributes>'. Did you mean 'communication_methods'?
src/components/stepper-with-responsive-variant.tsx(405,46): error TS2551: Property 'communicationMethods' does not exist on type 'Partial<UserProfileDataAttributes>'. Did you mean 'communication_methods'?
src/components/stepper-with-responsive-variant.tsx(408,37): error TS7006: Parameter 'val' implicitly has an 'any' type.
src/components/testimonial-card-showcase.tsx(5,30): error TS5097: An import path can only end with a '.tsx' extension when 'allowImportingTsExtensions' is enabled.
src/components/ui/carousel.tsx(7,8): error TS2307: Cannot find module 'embla-carousel-react' or its corresponding type declarations.
src/components/ui/dropdown-menu.tsx(84,6): error TS2339: Property 'className' does not exist on type 'DropdownMenuProps'.
src/components/ui/dropdown-menu.tsx(104,7): error TS2322: Type '{ children?: ReactNode; dir?: Direction | undefined; open: boolean; defaultOpen?: boolean | undefined; onOpenChange: (open: boolean) => void; modal?: boolean | undefined; ref: ForwardedRef<...>; className: any; }' is not assignable to type 'IntrinsicAttributes & DropdownMenuProps'.
  Property 'ref' does not exist on type 'IntrinsicAttributes & DropdownMenuProps'.
